2021-05-20 10:13:26,977 - root - INFO - Started
2021-05-20 10:13:27,222 - tcs.checker - INFO - Creating CheckerMaster.
2021-05-20 10:13:27,222 - tcs.mashina - INFO - Creating TCS Mashina
2021-05-20 10:13:27,227 - tcs_statemashina.statemashina - INFO - Creating TCS State Mashina
2021-05-20 10:13:27,228 - tcs_statemashina.statemashina - DEBUG - Configuration: C:/Users/mohanam/PycharmProjects/CCODemoControlSystem/config.json checked at every 1000 ms.
2021-05-20 10:13:27,228 - tcs_statemashina.statemashina - INFO - Getting new configuration.
2021-05-20 10:13:27,239 - tcs_statemashina.statemashina - DEBUG - Configuration: {'Neutral': {'Charge': {'TICA-101': {'lowlimit': 50, 'der': 0, 'acc': 0, 'window': 1, 'interval': 1000}}, 'Discharge': {'TICA-101': {'highlimit': 20, 'der': 0, 'acc': 0, 'window': 1, 'interval': 1000}}}, 'Charging': {'AD': {'Phase 1A': {'TICA-102': {'highlimit': 5, 'der': 1, 'acc': 4, 'window': 2, 'interval': 1000}, 'FICA-111': {'lowlimit': 200, 'der': 0, 'acc': 5, 'window': 2, 'interval': 1000}}, 'Phase 1B': {'limit': 40, 'deltaT': 5, 'flow': 200, 'TICA-101': {'highlimit': 40, 'der': 1, 'acc': 4, 'window': 2, 'interval': 1000}, 'FICA-111': {'lowlimit': 200, 'der': 0, 'acc': 5, 'window': 2, 'interval': 1000}}}}}
2021-05-20 10:13:27,239 - tcs_statemashina.statemashina - INFO - Initializing the configuration checker timer.
2021-05-20 10:13:27,239 - tcs_statemashina.statemashina - DEBUG - Interval 1000
2021-05-20 10:13:27,244 - tcs_statemashina.other - INFO - Starting
2021-05-20 10:13:27,723 - tcs_statemashina.other - INFO - Proceeding to Neutral
2021-05-20 10:13:27,749 - tcs_statemashina.neutral - INFO - Neutral State Initialized
2021-05-20 10:13:27,749 - tcs.mashina - INFO - Closing the storage valve XV-601.
2021-05-20 10:13:27,749 - tcs.mashina - INFO - Closing valve XV-104.
2021-05-20 10:13:27,749 - tcs.mashina - INFO - Closing valve XV-105.
2021-05-20 10:13:27,749 - tcs.mashina - INFO - Setting MV-101 to manual mode with a CV of 0%.
2021-05-20 10:13:27,749 - tcs.mashina - INFO - Turning P-111 off.
2021-05-20 10:13:27,749 - tcs.mashina - INFO - Turning P-211 off.
2021-05-20 10:13:27,749 - tcs.checker - INFO - Creating checker
2021-05-20 10:13:27,749 - tcs.checker - DEBUG - Creating checker with the following settings {'lowlimit': 50}.
2021-05-20 10:13:27,749 - tcs.checker - INFO - Obtaining latest settings.
2021-05-20 10:13:27,749 - tcs.checker - DEBUG - Latest settings obtained: {'lowlimit': 50}.
2021-05-20 10:13:27,749 - tcs.checker - INFO - Initializing the checker timer.
2021-05-20 10:13:27,749 - tcs.checker - DEBUG - Interval 1000
2021-05-20 10:13:28,453 - tcs.checker - INFO - Creating checker
2021-05-20 10:13:28,453 - tcs.checker - DEBUG - Creating checker with the following settings {'highlimit': 20}.
2021-05-20 10:13:28,453 - tcs.checker - INFO - Obtaining latest settings.
2021-05-20 10:13:28,453 - tcs.checker - DEBUG - Latest settings obtained: {'highlimit': 20}.
2021-05-20 10:13:28,453 - tcs.checker - INFO - Initializing the checker timer.
2021-05-20 10:13:28,454 - tcs.checker - DEBUG - Interval 1000
2021-05-20 10:13:28,474 - tcs_statemashina.statemashina - INFO - Getting new configuration.
2021-05-20 10:13:28,475 - tcs_statemashina.statemashina - DEBUG - Configuration: {'Neutral': {'Charge': {'TICA-101': {'lowlimit': 50, 'der': 0, 'acc': 0, 'window': 1, 'interval': 1000}}, 'Discharge': {'TICA-101': {'highlimit': 20, 'der': 0, 'acc': 0, 'window': 1, 'interval': 1000}}}, 'Charging': {'AD': {'Phase 1A': {'TICA-102': {'highlimit': 5, 'der': 1, 'acc': 4, 'window': 2, 'interval': 1000}, 'FICA-111': {'lowlimit': 200, 'der': 0, 'acc': 5, 'window': 2, 'interval': 1000}}, 'Phase 1B': {'limit': 40, 'deltaT': 5, 'flow': 200, 'TICA-101': {'highlimit': 40, 'der': 1, 'acc': 4, 'window': 2, 'interval': 1000}, 'FICA-111': {'lowlimit': 200, 'der': 0, 'acc': 5, 'window': 2, 'interval': 1000}}}}}
2021-05-20 10:13:28,758 - tcs.checker - INFO - Running check.
2021-05-20 10:13:28,781 - tcs.checker - DEBUG - Latest data:       TICA-101  FICA-131.PV  P-111.On  P-101  TICA-102
Time                                                  
1           51          151         1    230        61
2           51          161         1    230        61
3           51          171         1    230        61
4           51          181         1    230        61
5           51          191         1    230        61
6           51          201         1    230        61
7           51          211         1    230        61
8           80          221         1    230        61
9           80          231         1    230        70
10          80          241         1    230        70.
2021-05-20 10:13:28,781 - tcs.checker - DEBUG - Latest list of check variable: deque([80.0]).
2021-05-20 10:13:28,781 - tcs.checker - INFO - The checked value is within the limits.
2021-05-20 10:13:28,781 - tcs.checker - INFO - Stopping all checkers.
2021-05-20 10:13:28,781 - tcs.checker - INFO - Stopping checker Charge
2021-05-20 10:13:28,781 - tcs.checker - INFO - Checker stopped.
2021-05-20 10:13:28,781 - tcs.checker - INFO - Stopping checker Discharge
2021-05-20 10:13:28,781 - tcs.checker - INFO - Checker stopped.
2021-05-20 10:13:28,781 - tcs_statemashina.charging.ad - INFO - Charging AD Phase 1A
2021-05-20 10:13:28,781 - tcs.mashina - INFO - Opening valve XV-104.
2021-05-20 10:13:28,781 - tcs.mashina - INFO - Opening valve XV-105.
2021-05-20 10:13:28,781 - tcs.mashina - INFO - Setting MV-101 to manual mode with a CV of 0%.
2021-05-20 10:13:28,781 - tcs.mashina - INFO - Setting P-111 to manual mode with a CV of 100%.
2021-05-20 10:13:28,781 - tcs.mashina - INFO - Checking if flow does not go below 200 m3/h.
2021-05-20 10:13:28,781 - tcs.checker - INFO - Creating checker
2021-05-20 10:13:28,781 - tcs.checker - DEBUG - Creating checker with the following settings {'lowlimit': 200, 'der': 0, 'acc': 5, 'window': 2, 'interval': 1000}.
2021-05-20 10:13:28,781 - tcs.checker - INFO - Obtaining latest settings.
2021-05-20 10:13:28,781 - tcs.checker - DEBUG - Latest settings obtained: {'lowlimit': 200, 'der': 0, 'acc': 5, 'window': 2, 'interval': 1000}.
2021-05-20 10:13:28,781 - tcs.checker - INFO - Initializing the checker timer.
2021-05-20 10:13:28,781 - tcs.checker - DEBUG - Interval 1000
2021-05-20 10:13:28,794 - tcs.mashina - INFO - Waiting until change of temperature reaches 5 degC/s.
2021-05-20 10:13:28,794 - tcs.checker - INFO - Creating checker
2021-05-20 10:13:28,794 - tcs.checker - DEBUG - Creating checker with the following settings {'highlimit': 5, 'der': 1, 'acc': 4, 'window': 2, 'interval': 1000}.
2021-05-20 10:13:28,794 - tcs.checker - INFO - Obtaining latest settings.
2021-05-20 10:13:28,794 - tcs.checker - DEBUG - Latest settings obtained: {'highlimit': 5, 'der': 1, 'acc': 4, 'window': 2, 'interval': 1000}.
2021-05-20 10:13:28,810 - tcs.checker - INFO - Initializing the checker timer.
2021-05-20 10:13:28,810 - tcs.checker - DEBUG - Interval 1000
2021-05-20 10:13:28,814 - tcs_statemashina.charging.ec - INFO - Charging EC Phase 1A
2021-05-20 10:13:29,256 - tcs_statemashina.statemashina - INFO - Getting new configuration.
2021-05-20 10:13:29,256 - tcs_statemashina.statemashina - DEBUG - Configuration: {'Neutral': {'Charge': {'TICA-101': {'lowlimit': 50, 'der': 0, 'acc': 0, 'window': 1, 'interval': 1000}}, 'Discharge': {'TICA-101': {'highlimit': 20, 'der': 0, 'acc': 0, 'window': 1, 'interval': 1000}}}, 'Charging': {'AD': {'Phase 1A': {'TICA-102': {'highlimit': 5, 'der': 1, 'acc': 4, 'window': 2, 'interval': 1000}, 'FICA-111': {'lowlimit': 200, 'der': 0, 'acc': 5, 'window': 2, 'interval': 1000}}, 'Phase 1B': {'limit': 40, 'deltaT': 5, 'flow': 200, 'TICA-101': {'highlimit': 40, 'der': 1, 'acc': 4, 'window': 2, 'interval': 1000}, 'FICA-111': {'lowlimit': 200, 'der': 0, 'acc': 5, 'window': 2, 'interval': 1000}}}}}
2021-05-20 10:13:29,790 - tcs.checker - INFO - Running check.
2021-05-20 10:13:29,814 - tcs.checker - DEBUG - Latest data:       TICA-101  FICA-131.PV  P-111.On  P-101  TICA-102
Time                                                  
1           51          151         1    230        61
2           51          161         1    230        61
3           51          171         1    230        61
4           51          181         1    230        61
5           51          191         1    230        61
6           51          201         1    230        61
7           51          211         1    230        61
8           80          221         1    230        61
9           80          231         1    230        70
10          80          241         1    230        70.
2021-05-20 10:13:29,815 - tcs.checker - DEBUG - Latest list of check variable: deque([nan, 229.99999999999994]).
2021-05-20 10:13:29,815 - tcs.checker - INFO - The checked value is within the limits.
2021-05-20 10:13:29,821 - tcs.checker - INFO - Running check.
2021-05-20 10:13:29,838 - tcs.checker - DEBUG - Latest data:       TICA-101  FICA-131.PV  P-111.On  P-101  TICA-102
Time                                                  
1           51          151         1    230        61
2           51          161         1    230        61
3           51          171         1    230        61
4           51          181         1    230        61
5           51          191         1    230        61
6           51          201         1    230        61
7           51          211         1    230        61
8           80          221         1    230        61
9           80          231         1    230        70
10          80          241         1    230        70.
2021-05-20 10:13:29,845 - tcs.checker - DEBUG - Latest list of check variable: deque([nan, -17.25]).
2021-05-20 10:13:29,845 - tcs.checker - INFO - The checked value is within the limits.
2021-05-20 10:13:29,845 - tcs.mashina - INFO - Stable temperature reached.
2021-05-20 10:13:29,845 - tcs.mashina - DEBUG - Stable temperature: 52
2021-05-20 10:13:29,845 - tcs.checker - INFO - Stopping checker StableADTemp
2021-05-20 10:13:29,845 - tcs.checker - INFO - Checker stopped.
2021-05-20 10:13:29,845 - tcs.checker - INFO - Stopping checker SufficientF
2021-05-20 10:13:29,846 - tcs.checker - INFO - Checker stopped.
2021-05-20 10:13:29,846 - tcs_statemashina.charging.ad - INFO - Charging AD Phase 1B
2021-05-20 10:13:29,847 - tcs_statemashina.charging.ad - INFO - Stable temperature is higher than limit, skipping preheat of Charging_AD_Phase_1B.
2021-05-20 10:13:29,847 - tcs_statemashina.charging.ad - INFO - Charging AD Phase 2
2021-05-20 10:13:29,847 - tcs.mashina - INFO - Setting MV-101 to automatic mode with a delta setpoint of 5 degC.
2021-05-20 10:13:29,847 - tcs.mashina - INFO - Setting pump P-111 to automatic mode with a setpoint of 200 m3/h.
2021-05-20 10:13:29,847 - tcs.mashina - INFO - Checking if flow does not go below 200 m3/h.
2021-05-20 10:13:29,847 - tcs.checker - INFO - Creating checker
2021-05-20 10:13:29,847 - tcs.checker - DEBUG - Creating checker with the following settings {'lowlimit': 200, 'der': 0, 'acc': 5, 'window': 2, 'interval': 1000}.
2021-05-20 10:13:29,848 - tcs.checker - INFO - Obtaining latest settings.
2021-05-20 10:13:29,848 - tcs.checker - DEBUG - Latest settings obtained: {'lowlimit': 200, 'der': 0, 'acc': 5, 'window': 2, 'interval': 1000}.
2021-05-20 10:13:29,848 - tcs.checker - INFO - Initializing the checker timer.
2021-05-20 10:13:29,848 - tcs.checker - DEBUG - Interval 1000
